<?xml version="1.0" encoding="UTF-8"?>
<coverage generated="1773056164534" clover="3.2.0">
  <project timestamp="1773056164534" name="All files">
    <metrics statements="32" coveredstatements="28" conditionals="14" coveredconditionals="14" methods="23" coveredmethods="20" elements="69" coveredelements="62" complexity="0" loc="32" ncloc="32" packages="1" files="3" classes="3"/>
    <file name="ErrorBoundary.tsx" path="/Users/mehdinabhani/Projects/antigravity/fun_projects/promptiq/web/src/components/ErrorBoundary.tsx">
      <metrics statements="9" coveredstatements="6" conditionals="4" coveredconditionals="4" methods="5" coveredmethods="3"/>
      <line num="14" count="5" type="stmt"/>
      <line num="17" count="4" type="stmt"/>
      <line num="21" count="2" type="stmt"/>
      <line num="24" count="0" type="stmt"/>
      <line num="25" count="0" type="stmt"/>
      <line num="29" count="9" type="cond" truecount="2" falsecount="0"/>
      <line num="30" count="4" type="stmt"/>
      <line num="47" count="0" type="stmt"/>
      <line num="56" count="5" type="stmt"/>
    </file>
    <file name="Skeleton.tsx" path="/Users/mehdinabhani/Projects/antigravity/fun_projects/promptiq/web/src/components/Skeleton.tsx">
      <metrics statements="5" coveredstatements="4" conditionals="3" coveredconditionals="3" methods="5" coveredmethods="4"/>
      <line num="6" count="28" type="stmt"/>
      <line num="10" count="9" type="stmt"/>
      <line num="20" count="2" type="stmt"/>
      <line num="23" count="8" type="stmt"/>
      <line num="30" count="0" type="stmt"/>
    </file>
    <file name="Toast.tsx" path="/Users/mehdinabhani/Projects/antigravity/fun_projects/promptiq/web/src/components/Toast.tsx">
      <metrics statements="18" coveredstatements="18" conditionals="7" coveredconditionals="7" methods="13" coveredmethods="13"/>
      <line num="16" count="1" type="stmt"/>
      <line num="19" count="20" type="stmt"/>
      <line num="20" count="20" type="cond" truecount="2" falsecount="0"/>
      <line num="21" count="17" type="stmt"/>
      <line num="25" count="17" type="stmt"/>
      <line num="27" count="17" type="cond" truecount="1" falsecount="0"/>
      <line num="28" count="8" type="stmt"/>
      <line num="29" count="8" type="stmt"/>
      <line num="32" count="17" type="stmt"/>
      <line num="33" count="2" type="stmt"/>
      <line num="36" count="17" type="stmt"/>
      <line num="41" count="9" type="stmt"/>
      <line num="49" count="9" type="stmt"/>
      <line num="50" count="8" type="stmt"/>
      <line num="51" count="8" type="stmt"/>
      <line num="54" count="9" type="cond" truecount="2" falsecount="0"/>
      <line num="58" count="9" type="stmt"/>
      <line num="62" count="1" type="stmt"/>
    </file>
  </project>
</coverage>
