{"/Users/mehdinabhani/Projects/antigravity/fun_projects/promptiq/web/src/components/ErrorBoundary.tsx": {"path":"/Users/mehdinabhani/Projects/antigravity/fun_projects/promptiq/web/src/components/ErrorBoundary.tsx","statementMap":{"0":{"start":{"line":14,"column":19},"end":{"line":14,"column":null}},"1":{"start":{"line":24,"column":18},"end":{"line":26,"column":null}},"2":{"start":{"line":17,"column":8},"end":{"line":17,"column":null}},"3":{"start":{"line":21,"column":8},"end":{"line":21,"column":null}},"4":{"start":{"line":25,"column":8},"end":{"line":25,"column":null}},"5":{"start":{"line":29,"column":8},"end":{"line":54,"column":null}},"6":{"start":{"line":30,"column":12},"end":{"line":52,"column":null}},"7":{"start":{"line":47,"column":82},"end":{"line":47,"column":110}},"8":{"start":{"line":56,"column":8},"end":{"line":56,"column":null}}},"fnMap":{"0":{"name":"(anonymous_0)","decl":{"start":{"line":16,"column":11},"end":{"line":16,"column":36}},"loc":{"start":{"line":16,"column":57},"end":{"line":18,"column":null}},"line":16},"1":{"name":"(anonymous_1)","decl":{"start":{"line":20,"column":4},"end":{"line":20,"column":22}},"loc":{"start":{"line":20,"column":53},"end":{"line":22,"column":null}},"line":20},"2":{"name":"(anonymous_2)","decl":{"start":{"line":24,"column":18},"end":{"line":24,"column":24}},"loc":{"start":{"line":24,"column":24},"end":{"line":26,"column":null}},"line":24},"3":{"name":"(anonymous_3)","decl":{"start":{"line":28,"column":4},"end":{"line":28,"column":13}},"loc":{"start":{"line":28,"column":13},"end":{"line":57,"column":null}},"line":28},"4":{"name":"(anonymous_4)","decl":{"start":{"line":47,"column":76},"end":{"line":47,"column":82}},"loc":{"start":{"line":47,"column":82},"end":{"line":47,"column":110}},"line":47}},"branchMap":{"0":{"loc":{"start":{"line":29,"column":8},"end":{"line":54,"column":null}},"type":"if","locations":[{"start":{"line":29,"column":8},"end":{"line":54,"column":null}},{"start":{},"end":{}}],"line":29},"1":{"loc":{"start":{"line":38,"column":25},"end":{"line":41,"column":null}},"type":"binary-expr","locations":[{"start":{"line":38,"column":25},"end":{"line":38,"column":null}},{"start":{"line":39,"column":28},"end":{"line":41,"column":null}}],"line":38}},"s":{"0":5,"1":0,"2":4,"3":2,"4":0,"5":9,"6":4,"7":0,"8":5},"f":{"0":5,"1":2,"2":0,"3":9,"4":0},"b":{"0":[4,5],"1":[4,4]},"meta":{"lastBranch":2,"lastFunction":5,"lastStatement":9,"seen":{"s:14:19:14:Infinity":0,"s:24:18:26:Infinity":1,"f:16:11:16:36":0,"s:17:8:17:Infinity":2,"f:20:4:20:22":1,"s:21:8:21:Infinity":3,"f:24:18:24:24":2,"s:25:8:25:Infinity":4,"f:28:4:28:13":3,"b:29:8:54:Infinity:undefined:undefined:undefined:undefined":0,"s:29:8:54:Infinity":5,"s:30:12:52:Infinity":6,"b:38:25:38:Infinity:39:28:41:Infinity":1,"f:47:76:47:82":4,"s:47:82:47:110":7,"s:56:8:56:Infinity":8}}}
,"/Users/mehdinabhani/Projects/antigravity/fun_projects/promptiq/web/src/components/Skeleton.tsx": {"path":"/Users/mehdinabhani/Projects/antigravity/fun_projects/promptiq/web/src/components/Skeleton.tsx","statementMap":{"0":{"start":{"line":6,"column":4},"end":{"line":6,"column":null}},"1":{"start":{"line":10,"column":4},"end":{"line":15,"column":null}},"2":{"start":{"line":20,"column":4},"end":{"line":25,"column":null}},"3":{"start":{"line":23,"column":16},"end":{"line":23,"column":null}},"4":{"start":{"line":30,"column":4},"end":{"line":41,"column":null}}},"fnMap":{"0":{"name":"SkeletonLine","decl":{"start":{"line":5,"column":16},"end":{"line":5,"column":29}},"loc":{"start":{"line":5,"column":103},"end":{"line":7,"column":null}},"line":5},"1":{"name":"SkeletonCard","decl":{"start":{"line":9,"column":16},"end":{"line":9,"column":31}},"loc":{"start":{"line":9,"column":31},"end":{"line":17,"column":null}},"line":9},"2":{"name":"SkeletonList","decl":{"start":{"line":19,"column":16},"end":{"line":19,"column":29}},"loc":{"start":{"line":19,"column":64},"end":{"line":27,"column":null}},"line":19},"3":{"name":"(anonymous_3)","decl":{"start":{"line":22,"column":47},"end":{"line":22,"column":48}},"loc":{"start":{"line":23,"column":16},"end":{"line":23,"column":null}},"line":23},"4":{"name":"SkeletonProfile","decl":{"start":{"line":29,"column":16},"end":{"line":29,"column":34}},"loc":{"start":{"line":29,"column":34},"end":{"line":43,"column":null}},"line":29}},"branchMap":{"0":{"loc":{"start":{"line":5,"column":31},"end":{"line":5,"column":47}},"type":"default-arg","locations":[{"start":{"line":5,"column":39},"end":{"line":5,"column":47}}],"line":5},"1":{"loc":{"start":{"line":5,"column":47},"end":{"line":5,"column":63}},"type":"default-arg","locations":[{"start":{"line":5,"column":56},"end":{"line":5,"column":63}}],"line":5},"2":{"loc":{"start":{"line":19,"column":31},"end":{"line":19,"column":41}},"type":"default-arg","locations":[{"start":{"line":19,"column":39},"end":{"line":19,"column":41}}],"line":19}},"s":{"0":28,"1":9,"2":2,"3":8,"4":0},"f":{"0":28,"1":9,"2":2,"3":8,"4":0},"b":{"0":[28],"1":[28],"2":[2]},"meta":{"lastBranch":3,"lastFunction":5,"lastStatement":5,"seen":{"f:5:16:5:29":0,"b:5:39:5:47":0,"b:5:56:5:63":1,"s:6:4:6:Infinity":0,"f:9:16:9:31":1,"s:10:4:15:Infinity":1,"f:19:16:19:29":2,"b:19:39:19:41":2,"s:20:4:25:Infinity":2,"f:22:47:22:48":3,"s:23:16:23:Infinity":3,"f:29:16:29:34":4,"s:30:4:41:Infinity":4}}}
,"/Users/mehdinabhani/Projects/antigravity/fun_projects/promptiq/web/src/components/Toast.tsx": {"path":"/Users/mehdinabhani/Projects/antigravity/fun_projects/promptiq/web/src/components/Toast.tsx","statementMap":{"0":{"start":{"line":16,"column":6},"end":{"line":16,"column":null}},"1":{"start":{"line":19,"column":10},"end":{"line":19,"column":null}},"2":{"start":{"line":20,"column":4},"end":{"line":20,"column":null}},"3":{"start":{"line":20,"column":14},"end":{"line":20,"column":null}},"4":{"start":{"line":21,"column":4},"end":{"line":21,"column":null}},"5":{"start":{"line":25,"column":28},"end":{"line":25,"column":null}},"6":{"start":{"line":27,"column":10},"end":{"line":30,"column":null}},"7":{"start":{"line":28,"column":19},"end":{"line":28,"column":null}},"8":{"start":{"line":29,"column":8},"end":{"line":29,"column":null}},"9":{"start":{"line":29,"column":26},"end":{"line":29,"column":58}},"10":{"start":{"line":32,"column":10},"end":{"line":34,"column":null}},"11":{"start":{"line":33,"column":8},"end":{"line":33,"column":null}},"12":{"start":{"line":33,"column":26},"end":{"line":33,"column":55}},"13":{"start":{"line":33,"column":43},"end":{"line":33,"column":54}},"14":{"start":{"line":36,"column":4},"end":{"line":44,"column":null}},"15":{"start":{"line":41,"column":20},"end":{"line":41,"column":null}},"16":{"start":{"line":49,"column":4},"end":{"line":52,"column":null}},"17":{"start":{"line":50,"column":22},"end":{"line":50,"column":null}},"18":{"start":{"line":50,"column":39},"end":{"line":50,"column":60}},"19":{"start":{"line":51,"column":8},"end":{"line":51,"column":null}},"20":{"start":{"line":51,"column":21},"end":{"line":51,"column":null}},"21":{"start":{"line":54,"column":17},"end":{"line":56,"column":null}},"22":{"start":{"line":58,"column":4},"end":{"line":65,"column":null}},"23":{"start":{"line":62,"column":60},"end":{"line":62,"column":81}}},"fnMap":{"0":{"name":"useToast","decl":{"start":{"line":18,"column":16},"end":{"line":18,"column":27}},"loc":{"start":{"line":18,"column":27},"end":{"line":22,"column":null}},"line":18},"1":{"name":"ToastProvider","decl":{"start":{"line":24,"column":16},"end":{"line":24,"column":30}},"loc":{"start":{"line":24,"column":69},"end":{"line":46,"column":null}},"line":24},"2":{"name":"(anonymous_2)","decl":{"start":{"line":27,"column":34},"end":{"line":27,"column":35}},"loc":{"start":{"line":27,"column":81},"end":{"line":30,"column":7}},"line":27},"3":{"name":"(anonymous_3)","decl":{"start":{"line":29,"column":18},"end":{"line":29,"column":26}},"loc":{"start":{"line":29,"column":26},"end":{"line":29,"column":58}},"line":29},"4":{"name":"(anonymous_4)","decl":{"start":{"line":32,"column":32},"end":{"line":32,"column":33}},"loc":{"start":{"line":32,"column":48},"end":{"line":34,"column":7}},"line":32},"5":{"name":"(anonymous_5)","decl":{"start":{"line":33,"column":18},"end":{"line":33,"column":26}},"loc":{"start":{"line":33,"column":26},"end":{"line":33,"column":55}},"line":33},"6":{"name":"(anonymous_6)","decl":{"start":{"line":33,"column":38},"end":{"line":33,"column":43}},"loc":{"start":{"line":33,"column":43},"end":{"line":33,"column":54}},"line":33},"7":{"name":"(anonymous_7)","decl":{"start":{"line":40,"column":28},"end":{"line":40,"column":null}},"loc":{"start":{"line":41,"column":20},"end":{"line":41,"column":null}},"line":41},"8":{"name":"ToastItem","decl":{"start":{"line":48,"column":9},"end":{"line":48,"column":19}},"loc":{"start":{"line":48,"column":92},"end":{"line":67,"column":null}},"line":48},"9":{"name":"(anonymous_9)","decl":{"start":{"line":49,"column":14},"end":{"line":49,"column":20}},"loc":{"start":{"line":49,"column":20},"end":{"line":52,"column":7}},"line":49},"10":{"name":"(anonymous_10)","decl":{"start":{"line":50,"column":33},"end":{"line":50,"column":39}},"loc":{"start":{"line":50,"column":39},"end":{"line":50,"column":60}},"line":50},"11":{"name":"(anonymous_11)","decl":{"start":{"line":51,"column":15},"end":{"line":51,"column":21}},"loc":{"start":{"line":51,"column":21},"end":{"line":51,"column":null}},"line":51},"12":{"name":"(anonymous_12)","decl":{"start":{"line":62,"column":54},"end":{"line":62,"column":60}},"loc":{"start":{"line":62,"column":60},"end":{"line":62,"column":81}},"line":62}},"branchMap":{"0":{"loc":{"start":{"line":20,"column":4},"end":{"line":20,"column":null}},"type":"if","locations":[{"start":{"line":20,"column":4},"end":{"line":20,"column":null}},{"start":{},"end":{}}],"line":20},"1":{"loc":{"start":{"line":27,"column":52},"end":{"line":27,"column":81}},"type":"default-arg","locations":[{"start":{"line":27,"column":70},"end":{"line":27,"column":81}}],"line":27},"2":{"loc":{"start":{"line":54,"column":17},"end":{"line":56,"column":null}},"type":"cond-expr","locations":[{"start":{"line":54,"column":42},"end":{"line":54,"column":null}},{"start":{"line":55,"column":10},"end":{"line":56,"column":null}}],"line":54},"3":{"loc":{"start":{"line":55,"column":10},"end":{"line":56,"column":null}},"type":"cond-expr","locations":[{"start":{"line":55,"column":37},"end":{"line":55,"column":null}},{"start":{"line":56,"column":14},"end":{"line":56,"column":null}}],"line":55}},"s":{"0":1,"1":20,"2":20,"3":2,"4":17,"5":17,"6":17,"7":8,"8":8,"9":8,"10":17,"11":2,"12":2,"13":2,"14":17,"15":9,"16":9,"17":8,"18":1,"19":8,"20":8,"21":9,"22":9,"23":1},"f":{"0":20,"1":17,"2":8,"3":8,"4":2,"5":2,"6":2,"7":9,"8":9,"9":8,"10":1,"11":8,"12":1},"b":{"0":[2,18],"1":[8],"2":[2,7],"3":[5,2]},"meta":{"lastBranch":4,"lastFunction":13,"lastStatement":24,"seen":{"s:16:6:16:Infinity":0,"f:18:16:18:27":0,"s:19:10:19:Infinity":1,"b:20:4:20:Infinity:undefined:undefined:undefined:undefined":0,"s:20:4:20:Infinity":2,"s:20:14:20:Infinity":3,"s:21:4:21:Infinity":4,"f:24:16:24:30":1,"s:25:28:25:Infinity":5,"s:27:10:30:Infinity":6,"f:27:34:27:35":2,"b:27:70:27:81":1,"s:28:19:28:Infinity":7,"s:29:8:29:Infinity":8,"f:29:18:29:26":3,"s:29:26:29:58":9,"s:32:10:34:Infinity":10,"f:32:32:32:33":4,"s:33:8:33:Infinity":11,"f:33:18:33:26":5,"s:33:26:33:55":12,"f:33:38:33:43":6,"s:33:43:33:54":13,"s:36:4:44:Infinity":14,"f:40:28:40:Infinity":7,"s:41:20:41:Infinity":15,"f:48:9:48:19":8,"s:49:4:52:Infinity":16,"f:49:14:49:20":9,"s:50:22:50:Infinity":17,"f:50:33:50:39":10,"s:50:39:50:60":18,"s:51:8:51:Infinity":19,"f:51:15:51:21":11,"s:51:21:51:Infinity":20,"s:54:17:56:Infinity":21,"b:54:42:54:Infinity:55:10:56:Infinity":2,"b:55:37:55:Infinity:56:14:56:Infinity":3,"s:58:4:65:Infinity":22,"f:62:54:62:60":12,"s:62:60:62:81":23}}}
}
